# JRE version: OpenJDK Runtime Environment (17.0.10) (build 17.0.10+0--11572160)
# Java VM: OpenJDK 64-Bit Server VM (17.0.10+0--11572160, mixed mode, tiered, compressed oops, compressed class ptrs, g1 gc, windows-amd64)
GC Precious Log:
 CPUs: 12 total, 12 available
 Memory: 16265M
 Large Page Support: Disabled
 NUMA Support: Disabled
 Compressed Oops: Enabled (32-bit)
 Heap Region Size: 1M
 Heap Min Capacity: 256M
 Heap Initial Capacity: 256M
 Heap Max Capacity: 512M
 Pre-touch: Disabled
 Parallel Workers: 10
 Concurrent Workers: 3
 Concurrent Refinement Workers: 10
 Periodic GC: Disabled
Heap:
 garbage-first heap   total 262144K, used 182652K [0x00000000e0000000, 0x0000000100000000)
  region size 1024K, 85 young (87040K), 7 survivors (7168K)
 Metaspace       used 82712K, committed 83520K, reserved 458752K
  class space    used 11449K, committed 11840K, reserved 327680K
GC Heap History (20 events):
Event: 2.086 GC heap before
{Heap before GC invocations=0 (full 0):
 garbage-first heap   total 262144K, used 26624K [0x00000000e0000000, 0x0000000100000000)
  region size 1024K, 23 young (23552K), 0 survivors (0K)
 Metaspace       used 10400K, committed 10560K, reserved 393216K
  class space    used 1071K, committed 1152K, reserved 327680K
}
Event: 2.105 GC heap after
{Heap after GC invocations=1 (full 0):
 garbage-first heap   total 262144K, used 10439K [0x00000000e0000000, 0x0000000100000000)
  region size 1024K, 3 young (3072K), 3 survivors (3072K)
 Metaspace       used 10400K, committed 10560K, reserved 393216K
  class space    used 1071K, committed 1152K, reserved 327680K
}
Event: 3.345 GC heap before
{Heap before GC invocations=1 (full 0):
 garbage-first heap   total 262144K, used 39111K [0x00000000e0000000, 0x0000000100000000)
  region size 1024K, 31 young (31744K), 3 survivors (3072K)
 Metaspace       used 11388K, committed 11584K, reserved 393216K
  class space    used 1185K, committed 1280K, reserved 327680K
}
Event: 3.348 GC heap after
{Heap after GC invocations=2 (full 0):
 garbage-first heap   total 262144K, used 11380K [0x00000000e0000000, 0x0000000100000000)
  region size 1024K, 1 young (1024K), 1 survivors (1024K)
 Metaspace       used 11388K, committed 11584K, reserved 393216K
  class space    used 1185K, committed 1280K, reserved 327680K
}
Event: 5.245 GC heap before
{Heap before GC invocations=2 (full 0):
 garbage-first heap   total 262144K, used 60532K [0x00000000e0000000, 0x0000000100000000)
  region size 1024K, 49 young (50176K), 1 survivors (1024K)
 Metaspace       used 21284K, committed 21504K, reserved 393216K
  class space    used 2505K, committed 2624K, reserved 327680K
}
Event: 5.255 GC heap after
{Heap after GC invocations=3 (full 0):
 garbage-first heap   total 262144K, used 19330K [0x00000000e0000000, 0x0000000100000000)
  region size 1024K, 9 young (9216K), 9 survivors (9216K)
 Metaspace       used 21284K, committed 21504K, reserved 393216K
  class space    used 2505K, committed 2624K, reserved 327680K
}
Event: 9.350 GC heap before
{Heap before GC invocations=4 (full 0):
 garbage-first heap   total 262144K, used 144258K [0x00000000e0000000, 0x0000000100000000)
  region size 1024K, 122 young (124928K), 9 survivors (9216K)
 Metaspace       used 35594K, committed 35968K, reserved 393216K
  class space    used 4894K, committed 5120K, reserved 327680K
}
Event: 9.358 GC heap after
{Heap after GC invocations=5 (full 0):
 garbage-first heap   total 262144K, used 39877K [0x00000000e0000000, 0x0000000100000000)
  region size 1024K, 18 young (18432K), 18 survivors (18432K)
 Metaspace       used 35594K, committed 35968K, reserved 393216K
  class space    used 4894K, committed 5120K, reserved 327680K
}
Event: 9.376 GC heap before
{Heap before GC invocations=5 (full 0):
 garbage-first heap   total 262144K, used 40901K [0x00000000e0000000, 0x0000000100000000)
  region size 1024K, 19 young (19456K), 18 survivors (18432K)
 Metaspace       used 35730K, committed 36096K, reserved 393216K
  class space    used 4914K, committed 5120K, reserved 327680K
}
Event: 9.383 GC heap after
{Heap after GC invocations=6 (full 0):
 garbage-first heap   total 262144K, used 40730K [0x00000000e0000000, 0x0000000100000000)
  region size 1024K, 2 young (2048K), 2 survivors (2048K)
 Metaspace       used 35730K, committed 36096K, reserved 393216K
  class space    used 4914K, committed 5120K, reserved 327680K
}
Event: 9.399 GC heap before
{Heap before GC invocations=6 (full 0):
 garbage-first heap   total 262144K, used 41754K [0x00000000e0000000, 0x0000000100000000)
  region size 1024K, 4 young (4096K), 2 survivors (2048K)
 Metaspace       used 35901K, committed 36288K, reserved 393216K
  class space    used 4943K, committed 5120K, reserved 327680K
}
Event: 9.400 GC heap after
{Heap after GC invocations=7 (full 0):
 garbage-first heap   total 262144K, used 39622K [0x00000000e0000000, 0x0000000100000000)
  region size 1024K, 1 young (1024K), 1 survivors (1024K)
 Metaspace       used 35901K, committed 36288K, reserved 393216K
  class space    used 4943K, committed 5120K, reserved 327680K
}
Event: 17.080 GC heap before
{Heap before GC invocations=8 (full 0):
 garbage-first heap   total 262144K, used 210630K [0x00000000e0000000, 0x0000000100000000)
  region size 1024K, 153 young (156672K), 1 survivors (1024K)
 Metaspace       used 53539K, committed 54080K, reserved 393216K
  class space    used 7128K, committed 7360K, reserved 327680K
}
Event: 17.089 GC heap after
{Heap after GC invocations=9 (full 0):
 garbage-first heap   total 262144K, used 60614K [0x00000000e0000000, 0x0000000100000000)
  region size 1024K, 12 young (12288K), 12 survivors (12288K)
 Metaspace       used 53539K, committed 54080K, reserved 393216K
  class space    used 7128K, committed 7360K, reserved 327680K
}
Event: 20.660 GC heap before
{Heap before GC invocations=9 (full 0):
 garbage-first heap   total 262144K, used 122054K [0x00000000e0000000, 0x0000000100000000)
  region size 1024K, 73 young (74752K), 12 survivors (12288K)
 Metaspace       used 60016K, committed 60608K, reserved 393216K
  class space    used 8185K, committed 8448K, reserved 327680K
}
Event: 20.669 GC heap after
{Heap after GC invocations=10 (full 0):
 garbage-first heap   total 262144K, used 64674K [0x00000000e0000000, 0x0000000100000000)
  region size 1024K, 5 young (5120K), 5 survivors (5120K)
 Metaspace       used 60016K, committed 60608K, reserved 393216K
  class space    used 8185K, committed 8448K, reserved 327680K
}
Event: 32.130 GC heap before
{Heap before GC invocations=11 (full 0):
 garbage-first heap   total 262144K, used 209058K [0x00000000e0000000, 0x0000000100000000)
  region size 1024K, 134 young (137216K), 5 survivors (5120K)
 Metaspace       used 68650K, committed 69248K, reserved 393216K
  class space    used 9446K, committed 9728K, reserved 327680K
}
Event: 32.137 GC heap after
{Heap after GC invocations=12 (full 0):
 garbage-first heap   total 262144K, used 91120K [0x00000000e0000000, 0x0000000100000000)
  region size 1024K, 17 young (17408K), 17 survivors (17408K)
 Metaspace       used 68650K, committed 69248K, reserved 393216K
  class space    used 9446K, committed 9728K, reserved 327680K
}
Event: 41.296 GC heap before
{Heap before GC invocations=12 (full 0):
 garbage-first heap   total 262144K, used 202736K [0x00000000e0000000, 0x0000000100000000)
  region size 1024K, 126 young (129024K), 17 survivors (17408K)
 Metaspace       used 76818K, committed 77504K, reserved 458752K
  class space    used 10587K, committed 10880K, reserved 327680K
}
Event: 41.305 GC heap after
{Heap after GC invocations=13 (full 0):
 garbage-first heap   total 262144K, used 97660K [0x00000000e0000000, 0x0000000100000000)
  region size 1024K, 7 young (7168K), 7 survivors (7168K)
 Metaspace       used 76818K, committed 77504K, reserved 458752K
  class space    used 10587K, committed 10880K, reserved 327680K
}

