# JRE version: OpenJDK Runtime Environment (17.0.10) (build 17.0.10+0--11572160)
# Java VM: OpenJDK 64-Bit Server VM (17.0.10+0--11572160, mixed mode, tiered, compressed oops, compressed class ptrs, g1 gc, windows-amd64)
GC Precious Log:
 CPUs: 12 total, 12 available
 Memory: 16265M
 Large Page Support: Disabled
 NUMA Support: Disabled
 Compressed Oops: Enabled (Zero based)
 Heap Region Size: 4M
 Heap Min Capacity: 8M
 Heap Initial Capacity: 256M
 Heap Max Capacity: 8G
 Pre-touch: Disabled
 Parallel Workers: 10
 Concurrent Workers: 3
 Concurrent Refinement Workers: 10
 Periodic GC: Disabled
Heap:
 garbage-first heap   total 942080K, used 319835K [0x0000000600000000, 0x0000000800000000)
  region size 4096K, 20 young (81920K), 9 survivors (36864K)
 Metaspace       used 130583K, committed 132160K, reserved 1179648K
  class space    used 18007K, committed 18752K, reserved 1048576K
GC Heap History (20 events):
Event: 10.863 GC heap before
{Heap before GC invocations=49 (full 0):
 garbage-first heap   total 270336K, used 212799K [0x0000000600000000, 0x0000000800000000)
  region size 4096K, 19 young (77824K), 1 survivors (4096K)
 Metaspace       used 108469K, committed 109440K, reserved 1179648K
  class space    used 15398K, committed 15872K, reserved 1048576K
}
Event: 10.868 GC heap after
{Heap after GC invocations=50 (full 0):
 garbage-first heap   total 270336K, used 147217K [0x0000000600000000, 0x0000000800000000)
  region size 4096K, 3 young (12288K), 3 survivors (12288K)
 Metaspace       used 108469K, committed 109440K, reserved 1179648K
  class space    used 15398K, committed 15872K, reserved 1048576K
}
Event: 11.224 GC heap before
{Heap before GC invocations=51 (full 0):
 garbage-first heap   total 270336K, used 212753K [0x0000000600000000, 0x0000000800000000)
  region size 4096K, 19 young (77824K), 3 survivors (12288K)
 Metaspace       used 109303K, committed 110272K, reserved 1179648K
  class space    used 15508K, committed 16000K, reserved 1048576K
}
Event: 11.231 GC heap after
{Heap after GC invocations=52 (full 0):
 garbage-first heap   total 270336K, used 157406K [0x0000000600000000, 0x0000000800000000)
  region size 4096K, 3 young (12288K), 3 survivors (12288K)
 Metaspace       used 109303K, committed 110272K, reserved 1179648K
  class space    used 15508K, committed 16000K, reserved 1048576K
}
Event: 11.273 GC heap before
{Heap before GC invocations=52 (full 0):
 garbage-first heap   total 270336K, used 161502K [0x0000000600000000, 0x0000000800000000)
  region size 4096K, 4 young (16384K), 3 survivors (12288K)
 Metaspace       used 109359K, committed 110336K, reserved 1179648K
  class space    used 15512K, committed 16000K, reserved 1048576K
}
Event: 11.278 GC heap after
{Heap after GC invocations=53 (full 0):
 garbage-first heap   total 270336K, used 157377K [0x0000000600000000, 0x0000000800000000)
  region size 4096K, 1 young (4096K), 1 survivors (4096K)
 Metaspace       used 109359K, committed 110336K, reserved 1179648K
  class space    used 15512K, committed 16000K, reserved 1048576K
}
Event: 11.559 GC heap before
{Heap before GC invocations=53 (full 0):
 garbage-first heap   total 270336K, used 214721K [0x0000000600000000, 0x0000000800000000)
  region size 4096K, 15 young (61440K), 1 survivors (4096K)
 Metaspace       used 109677K, committed 110720K, reserved 1179648K
  class space    used 15543K, committed 16064K, reserved 1048576K
}
Event: 11.565 GC heap after
{Heap after GC invocations=54 (full 0):
 garbage-first heap   total 503808K, used 165563K [0x0000000600000000, 0x0000000800000000)
  region size 4096K, 2 young (8192K), 2 survivors (8192K)
 Metaspace       used 109677K, committed 110720K, reserved 1179648K
  class space    used 15543K, committed 16064K, reserved 1048576K
}
Event: 12.717 GC heap before
{Heap before GC invocations=55 (full 0):
 garbage-first heap   total 503808K, used 382651K [0x0000000600000000, 0x0000000800000000)
  region size 4096K, 55 young (225280K), 2 survivors (8192K)
 Metaspace       used 110532K, committed 111680K, reserved 1179648K
  class space    used 15621K, committed 16192K, reserved 1048576K
}
Event: 12.733 GC heap after
{Heap after GC invocations=56 (full 0):
 garbage-first heap   total 503808K, used 198301K [0x0000000600000000, 0x0000000800000000)
  region size 4096K, 7 young (28672K), 7 survivors (28672K)
 Metaspace       used 110532K, committed 111680K, reserved 1179648K
  class space    used 15621K, committed 16192K, reserved 1048576K
}
Event: 12.762 GC heap before
{Heap before GC invocations=56 (full 0):
 garbage-first heap   total 503808K, used 202397K [0x0000000600000000, 0x0000000800000000)
  region size 4096K, 8 young (32768K), 7 survivors (28672K)
 Metaspace       used 110555K, committed 111680K, reserved 1179648K
  class space    used 15626K, committed 16192K, reserved 1048576K
}
Event: 12.773 GC heap after
{Heap after GC invocations=57 (full 0):
 garbage-first heap   total 503808K, used 201872K [0x0000000600000000, 0x0000000800000000)
  region size 4096K, 1 young (4096K), 1 survivors (4096K)
 Metaspace       used 110555K, committed 111680K, reserved 1179648K
  class space    used 15626K, committed 16192K, reserved 1048576K
}
Event: 13.738 GC heap before
{Heap before GC invocations=57 (full 0):
 garbage-first heap   total 503808K, used 361616K [0x0000000600000000, 0x0000000800000000)
  region size 4096K, 40 young (163840K), 1 survivors (4096K)
 Metaspace       used 112040K, committed 113280K, reserved 1179648K
  class space    used 15818K, committed 16448K, reserved 1048576K
}
Event: 13.749 GC heap after
{Heap after GC invocations=58 (full 0):
 garbage-first heap   total 503808K, used 223251K [0x0000000600000000, 0x0000000800000000)
  region size 4096K, 5 young (20480K), 5 survivors (20480K)
 Metaspace       used 112040K, committed 113280K, reserved 1179648K
  class space    used 15818K, committed 16448K, reserved 1048576K
}
Event: 15.203 GC heap before
{Heap before GC invocations=58 (full 0):
 garbage-first heap   total 503808K, used 374803K [0x0000000600000000, 0x0000000800000000)
  region size 4096K, 42 young (172032K), 5 survivors (20480K)
 Metaspace       used 119825K, committed 121088K, reserved 1179648K
  class space    used 16872K, committed 17472K, reserved 1048576K
}
Event: 15.220 GC heap after
{Heap after GC invocations=59 (full 0):
 garbage-first heap   total 503808K, used 242132K [0x0000000600000000, 0x0000000800000000)
  region size 4096K, 5 young (20480K), 5 survivors (20480K)
 Metaspace       used 119825K, committed 121088K, reserved 1179648K
  class space    used 16872K, committed 17472K, reserved 1048576K
}
Event: 16.675 GC heap before
{Heap before GC invocations=59 (full 0):
 garbage-first heap   total 503808K, used 381396K [0x0000000600000000, 0x0000000800000000)
  region size 4096K, 40 young (163840K), 5 survivors (20480K)
 Metaspace       used 122103K, committed 123648K, reserved 1179648K
  class space    used 17160K, committed 17920K, reserved 1048576K
}
Event: 16.695 GC heap after
{Heap after GC invocations=60 (full 0):
 garbage-first heap   total 942080K, used 261036K [0x0000000600000000, 0x0000000800000000)
  region size 4096K, 5 young (20480K), 5 survivors (20480K)
 Metaspace       used 122103K, committed 123648K, reserved 1179648K
  class space    used 17160K, committed 17920K, reserved 1048576K
}
Event: 20.564 GC heap before
{Heap before GC invocations=60 (full 0):
 garbage-first heap   total 942080K, used 682924K [0x0000000600000000, 0x0000000800000000)
  region size 4096K, 109 young (446464K), 5 survivors (20480K)
 Metaspace       used 130124K, committed 131712K, reserved 1179648K
  class space    used 17951K, committed 18688K, reserved 1048576K
}
Event: 20.586 GC heap after
{Heap after GC invocations=61 (full 0):
 garbage-first heap   total 942080K, used 278875K [0x0000000600000000, 0x0000000800000000)
  region size 4096K, 9 young (36864K), 9 survivors (36864K)
 Metaspace       used 130124K, committed 131712K, reserved 1179648K
  class space    used 17951K, committed 18688K, reserved 1048576K
}

